<?xml version='1.0'?>
<ns2:test-suite xmlns:ns2='urn:model.allure.qatools.yandex.ru' start='1583418980012' stop='1583419062710'>
    <name>parabank website registration page automation</name>
    <title>parabank website registration page automation</title>
    <test-cases>
        <test-case start='1583418990459' status='passed' stop='1583418991066'>
            <name>should validate registration page title</name>
            <title>should validate registration page title</title>
            <labels/>
            <parameters/>
            <steps/>
            <attachments>
                <attachment title='Screenshot' source='033e9c86-85c6-4a02-aed4-efee9a6f953c-attachment.png' type='image/png' size='221197'/>
            </attachments>
        </test-case>
        <test-case start='1583418991067' status='passed' stop='1583418992456'>
            <name>validate registration link functionality</name>
            <title>validate registration link functionality</title>
            <labels/>
            <parameters/>
            <steps/>
            <attachments>
                <attachment title='Screenshot' source='40e35392-e6b6-4d79-a229-73dcc9be1bac-attachment.png' type='image/png' size='115479'/>
            </attachments>
        </test-case>
        <test-case start='1583418992456' status='passed' stop='1583418996429'>
            <name>Validate  error message functionality of firstName and lastName</name>
            <title>Validate  error message functionality of firstName and lastName</title>
            <labels/>
            <parameters/>
            <steps/>
            <attachments>
                <attachment title='Screenshot' source='3a455dc4-0f08-476b-9b54-afd55f31b8d0-attachment.png' type='image/png' size='126843'/>
            </attachments>
        </test-case>
        <test-case start='1583418996429' status='passed' stop='1583418998144'>
            <name>varify password functionality for mismatched password with confirm password</name>
            <title>varify password functionality for mismatched password with confirm password</title>
            <labels/>
            <parameters/>
            <steps/>
            <attachments>
                <attachment title='Screenshot' source='17313cd5-f15a-4649-a427-161504e6f661-attachment.png' type='image/png' size='125035'/>
            </attachments>
        </test-case>
        <test-case start='1583418998144' status='passed' stop='1583419000828'>
            <name>Varify error message functionality of first name when first name is filled</name>
            <title>Varify error message functionality of first name when first name is filled</title>
            <labels/>
            <parameters/>
            <steps/>
            <attachments>
                <attachment title='Screenshot' source='8489c1e6-7ea8-4bc4-a345-e8e4b8659d01-attachment.png' type='image/png' size='125596'/>
            </attachments>
        </test-case>
        <test-case start='1583419000828' status='failed' stop='1583419002078'>
            <name>should show error message for empty phone number field</name>
            <title>should show error message for empty phone number field</title>
            <labels/>
            <parameters/>
            <steps/>
            <attachments>
                <attachment title='Screenshot' source='7b8de4cd-1fb6-4f5b-8bbd-a88d8ef629ff-attachment.png' type='image/png' size='125596'/>
            </attachments>
            <failure>
                <message>Expected true to be false.</message>
                <stack-trace>Error: Failed expectation
                    at ValidationHelper.validateBoolean (C:\Users\kishor.joshi\Desktop\protractor\parabankWebsiteAutomation\dist\out-tsc\helper\validationHelper.js:10:41)
                    at C:\Users\kishor.joshi\Desktop\protractor\parabankWebsiteAutomation\dist\out-tsc\pages\registrationPageTest.js:99:30
                    at ManagedPromise.invokeCallback_ (C:\Users\kishor.joshi\AppData\Roaming\npm\node_modules\protractor\node_modules\selenium-webdriver\lib\promise.js:1376:14)
                    at TaskQueue.execute_ (C:\Users\kishor.joshi\AppData\Roaming\npm\node_modules\protractor\node_modules\selenium-webdriver\lib\promise.js:3084:14)
                    at TaskQueue.executeNext_ (C:\Users\kishor.joshi\AppData\Roaming\npm\node_modules\protractor\node_modules\selenium-webdriver\lib\promise.js:3067:27)
                    at C:\Users\kishor.joshi\AppData\Roaming\npm\node_modules\protractor\node_modules\selenium-webdriver\lib\promise.js:2927:27
                    at C:\Users\kishor.joshi\AppData\Roaming\npm\node_modules\protractor\node_modules\selenium-webdriver\lib\promise.js:668:7
                    at processTicksAndRejections (internal/process/task_queues.js:93:5)</stack-trace>
            </failure>
        </test-case>
        <test-case start='1583419002078' status='failed' stop='1583419062708'>
            <name>fill registration page and validation successfull registration page</name>
            <title>fill registration page and validation successfull registration page</title>
            <labels/>
            <parameters/>
            <steps/>
            <attachments>
                <attachment title='Screenshot' source='8924393f-06d1-45c9-92c1-b07aeb848e7c-attachment.png' type='image/png' size='124370'/>
            </attachments>
            <failure>
                <message>Error: Timeout - Async callback was not invoked within timeout specified by jasmine.DEFAULT_TIMEOUT_INTERVAL.</message>
                <stack-trace>Error: Timeout - Async callback was not invoked within timeout specified by jasmine.DEFAULT_TIMEOUT_INTERVAL.
                    at Timeout._onTimeout (C:\Users\kishor.joshi\AppData\Roaming\npm\node_modules\protractor\node_modules\jasmine-core\lib\jasmine-core\jasmine.js:4281:23)
                    at listOnTimeout (internal/timers.js:531:17)
                    at processTimers (internal/timers.js:475:7)</stack-trace>
            </failure>
        </test-case>
    </test-cases>
</ns2:test-suite>