<?xml version='1.0'?>
<ns2:test-suite xmlns:ns2='urn:model.allure.qatools.yandex.ru' start='1583416618113' stop='1583416699180'>
    <name>parabank website automation</name>
    <title>parabank website automation</title>
    <test-cases>
        <test-case start='1583416627467' status='passed' stop='1583416627936'>
            <name>should validate registration page title</name>
            <title>should validate registration page title</title>
            <labels/>
            <parameters/>
            <steps/>
            <attachments>
                <attachment title='Screenshot' source='66714bfc-42a7-4f4a-acf4-0674ddc32c16-attachment.png' type='image/png' size='221166'/>
            </attachments>
        </test-case>
        <test-case start='1583416627936' status='passed' stop='1583416629429'>
            <name>validate registation link functionality</name>
            <title>validate registation link functionality</title>
            <labels/>
            <parameters/>
            <steps/>
            <attachments>
                <attachment title='Screenshot' source='699f061f-2d63-437c-8453-fb31b9602be6-attachment.png' type='image/png' size='115479'/>
            </attachments>
        </test-case>
        <test-case start='1583416629430' status='passed' stop='1583416633058'>
            <name>Validate  error message functionality of firstName and lastName</name>
            <title>Validate  error message functionality of firstName and lastName</title>
            <labels/>
            <parameters/>
            <steps/>
            <attachments>
                <attachment title='Screenshot' source='5e8d05bf-dccb-43b6-9a1d-4c37d28c19ec-attachment.png' type='image/png' size='126843'/>
            </attachments>
        </test-case>
        <test-case start='1583416633058' status='passed' stop='1583416635331'>
            <name>varify password functionality for mismatched password with confirm password</name>
            <title>varify password functionality for mismatched password with confirm password</title>
            <labels/>
            <parameters/>
            <steps/>
            <attachments>
                <attachment title='Screenshot' source='26bbb50c-0dc6-479a-986b-e9c08d525c0c-attachment.png' type='image/png' size='125035'/>
            </attachments>
        </test-case>
        <test-case start='1583416635331' status='passed' stop='1583416637607'>
            <name>Varify errormessage functionality of first name when first name is filled</name>
            <title>Varify errormessage functionality of first name when first name is filled</title>
            <labels/>
            <parameters/>
            <steps/>
            <attachments>
                <attachment title='Screenshot' source='2584b919-5ee9-4107-bb09-f87f42272a92-attachment.png' type='image/png' size='125596'/>
            </attachments>
        </test-case>
        <test-case start='1583416637607' status='failed' stop='1583416638737'>
            <name>should show error message for empty phone number field</name>
            <title>should show error message for empty phone number field</title>
            <labels/>
            <parameters/>
            <steps/>
            <attachments>
                <attachment title='Screenshot' source='5233530f-19bd-4f12-8e9d-f1649e009890-attachment.png' type='image/png' size='125596'/>
            </attachments>
            <failure>
                <message>Expected true to be false.</message>
                <stack-trace>Error: Failed expectation
                    at ValidationHelper.validateBoolean (C:\Users\kishor.joshi\Desktop\protractor\parabankWebsiteAutomation\dist\out-tsc\helper\validationHelper.js:10:41)
                    at C:\Users\kishor.joshi\Desktop\protractor\parabankWebsiteAutomation\dist\out-tsc\pages\registrationPageTest.js:99:30
                    at ManagedPromise.invokeCallback_ (C:\Users\kishor.joshi\AppData\Roaming\npm\node_modules\protractor\node_modules\selenium-webdriver\lib\promise.js:1376:14)
                    at TaskQueue.execute_ (C:\Users\kishor.joshi\AppData\Roaming\npm\node_modules\protractor\node_modules\selenium-webdriver\lib\promise.js:3084:14)
                    at TaskQueue.executeNext_ (C:\Users\kishor.joshi\AppData\Roaming\npm\node_modules\protractor\node_modules\selenium-webdriver\lib\promise.js:3067:27)
                    at C:\Users\kishor.joshi\AppData\Roaming\npm\node_modules\protractor\node_modules\selenium-webdriver\lib\promise.js:2927:27
                    at C:\Users\kishor.joshi\AppData\Roaming\npm\node_modules\protractor\node_modules\selenium-webdriver\lib\promise.js:668:7
                    at processTicksAndRejections (internal/process/task_queues.js:93:5)</stack-trace>
            </failure>
        </test-case>
        <test-case start='1583416638737' status='failed' stop='1583416699178'>
            <name>fill registration page and validation successfull registration page</name>
            <title>fill registration page and validation successfull registration page</title>
            <labels/>
            <parameters/>
            <steps/>
            <attachments>
                <attachment title='Screenshot' source='69eac6ef-c17d-4a5c-b31e-01c642370d1e-attachment.png' type='image/png' size='124353'/>
            </attachments>
            <failure>
                <message>Error: Timeout - Async callback was not invoked within timeout specified by jasmine.DEFAULT_TIMEOUT_INTERVAL.</message>
                <stack-trace>Error: Timeout - Async callback was not invoked within timeout specified by jasmine.DEFAULT_TIMEOUT_INTERVAL.
                    at Timeout._onTimeout (C:\Users\kishor.joshi\AppData\Roaming\npm\node_modules\protractor\node_modules\jasmine-core\lib\jasmine-core\jasmine.js:4281:23)
                    at listOnTimeout (internal/timers.js:531:17)
                    at processTimers (internal/timers.js:475:7)</stack-trace>
            </failure>
        </test-case>
    </test-cases>
</ns2:test-suite>