<?xml version='1.0'?>
<ns2:test-suite xmlns:ns2='urn:model.allure.qatools.yandex.ru' start='1583416220341' stop='1583416245597'>
    <name>parabank website automation</name>
    <title>parabank website automation</title>
    <test-cases>
        <test-case start='1583416228434' status='passed' stop='1583416228906'>
            <name>should validate registration page title</name>
            <title>should validate registration page title</title>
            <labels/>
            <parameters/>
            <steps/>
            <attachments>
                <attachment title='Screenshot' source='c0480fa6-9fde-4157-99c5-ee4ab7f10469-attachment.png' type='image/png' size='221166'/>
            </attachments>
        </test-case>
        <test-case start='1583416228906' status='passed' stop='1583416230043'>
            <name>validate registation link functionality</name>
            <title>validate registation link functionality</title>
            <labels/>
            <parameters/>
            <steps/>
            <attachments>
                <attachment title='Screenshot' source='a768eccc-5330-4788-aefe-c52f64aeb11c-attachment.png' type='image/png' size='115479'/>
            </attachments>
        </test-case>
        <test-case start='1583416230043' status='passed' stop='1583416232425'>
            <name>Validate  error message functionality of firstName and lastName</name>
            <title>Validate  error message functionality of firstName and lastName</title>
            <labels/>
            <parameters/>
            <steps/>
            <attachments>
                <attachment title='Screenshot' source='b8993559-adc4-48c7-98b3-78a734f956d6-attachment.png' type='image/png' size='128462'/>
            </attachments>
        </test-case>
        <test-case start='1583416232425' status='passed' stop='1583416233836'>
            <name>varify password functionality for mismatched password with confirm password</name>
            <title>varify password functionality for mismatched password with confirm password</title>
            <labels/>
            <parameters/>
            <steps/>
            <attachments>
                <attachment title='Screenshot' source='47773f87-b426-4152-8878-a99840d6ac31-attachment.png' type='image/png' size='126845'/>
            </attachments>
        </test-case>
        <test-case start='1583416233836' status='passed' stop='1583416235184'>
            <name>Varify errormessage functionality of first name when first name is filled</name>
            <title>Varify errormessage functionality of first name when first name is filled</title>
            <labels/>
            <parameters/>
            <steps/>
            <attachments>
                <attachment title='Screenshot' source='85fb9d79-f3b5-4c2a-b0be-5d9acd934416-attachment.png' type='image/png' size='127336'/>
            </attachments>
        </test-case>
        <test-case start='1583416235184' status='failed' stop='1583416236315'>
            <name>should show error message for empty phone number field</name>
            <title>should show error message for empty phone number field</title>
            <labels/>
            <parameters/>
            <steps/>
            <attachments>
                <attachment title='Screenshot' source='343ca02a-050a-46e2-a0a0-03fe5f56196d-attachment.png' type='image/png' size='127336'/>
            </attachments>
            <failure>
                <message>Expected true to be false.</message>
                <stack-trace>Error: Failed expectation
                    at ValidationHelper.validateBoolean (C:\Users\kishor.joshi\Desktop\protractor\parabankWebsiteAutomation\dist\out-tsc\helper\validationHelper.js:10:41)
                    at C:\Users\kishor.joshi\Desktop\protractor\parabankWebsiteAutomation\dist\out-tsc\pages\registrationPageTest.js:99:30
                    at ManagedPromise.invokeCallback_ (C:\Users\kishor.joshi\AppData\Roaming\npm\node_modules\protractor\node_modules\selenium-webdriver\lib\promise.js:1376:14)
                    at TaskQueue.execute_ (C:\Users\kishor.joshi\AppData\Roaming\npm\node_modules\protractor\node_modules\selenium-webdriver\lib\promise.js:3084:14)
                    at TaskQueue.executeNext_ (C:\Users\kishor.joshi\AppData\Roaming\npm\node_modules\protractor\node_modules\selenium-webdriver\lib\promise.js:3067:27)
                    at C:\Users\kishor.joshi\AppData\Roaming\npm\node_modules\protractor\node_modules\selenium-webdriver\lib\promise.js:2927:27
                    at C:\Users\kishor.joshi\AppData\Roaming\npm\node_modules\protractor\node_modules\selenium-webdriver\lib\promise.js:668:7
                    at processTicksAndRejections (internal/process/task_queues.js:93:5)</stack-trace>
            </failure>
        </test-case>
        <test-case start='1583416236315' status='failed' stop='1583416245596'>
            <name>fill registration page and validation successfull registration page</name>
            <title>fill registration page and validation successfull registration page</title>
            <labels/>
            <parameters/>
            <steps/>
            <attachments/>
            <failure>
                <message>Failed: no such window: target window already closed
                from unknown error: web view not found
                  (Session info: chrome=80.0.3987.122)
                  (Driver info: chromedriver=80.0.3987.106 (f68069574609230cf9b635cd784cfb1bf81bb53a-refs/branch-heads/3987@{#882}),platform=Windows NT 10.0.18362 x86_64)</message>
                <stack-trace>NoSuchWindowError: no such window: target window already closed
                from unknown error: web view not found
                  (Session info: chrome=80.0.3987.122)
                  (Driver info: chromedriver=80.0.3987.106 (f68069574609230cf9b635cd784cfb1bf81bb53a-refs/branch-heads/3987@{#882}),platform=Windows NT 10.0.18362 x86_64)
                    at Object.checkLegacyResponse (C:\Users\kishor.joshi\AppData\Roaming\npm\node_modules\protractor\node_modules\selenium-webdriver\lib\error.js:546:15)
                    at parseHttpResponse (C:\Users\kishor.joshi\AppData\Roaming\npm\node_modules\protractor\node_modules\selenium-webdriver\lib\http.js:509:13)
                    at C:\Users\kishor.joshi\AppData\Roaming\npm\node_modules\protractor\node_modules\selenium-webdriver\lib\http.js:441:30
                    at runMicrotasks (&lt;anonymous>)
                    at processTicksAndRejections (internal/process/task_queues.js:93:5)
                From: Task: WebDriver.findElements(By(xpath, //p[contains(.,'Your account was created successfully. You are now logged in.')]))
                    at Driver.schedule (C:\Users\kishor.joshi\AppData\Roaming\npm\node_modules\protractor\node_modules\selenium-webdriver\lib\webdriver.js:807:17)
                    at Driver.findElements (C:\Users\kishor.joshi\AppData\Roaming\npm\node_modules\protractor\node_modules\selenium-webdriver\lib\webdriver.js:1048:19)
                    at C:\Users\kishor.joshi\AppData\Roaming\npm\node_modules\protractor\built\element.js:159:44
                    at ManagedPromise.invokeCallback_ (C:\Users\kishor.joshi\AppData\Roaming\npm\node_modules\protractor\node_modules\selenium-webdriver\lib\promise.js:1376:14)
                    at TaskQueue.execute_ (C:\Users\kishor.joshi\AppData\Roaming\npm\node_modules\protractor\node_modules\selenium-webdriver\lib\promise.js:3084:14)
                    at TaskQueue.executeNext_ (C:\Users\kishor.joshi\AppData\Roaming\npm\node_modules\protractor\node_modules\selenium-webdriver\lib\promise.js:3067:27)
                    at C:\Users\kishor.joshi\AppData\Roaming\npm\node_modules\protractor\node_modules\selenium-webdriver\lib\promise.js:2927:27
                    at C:\Users\kishor.joshi\AppData\Roaming\npm\node_modules\protractor\node_modules\selenium-webdriver\lib\promise.js:668:7
                From: Task: &lt;anonymous>
                    at Timeout.pollCondition [as _onTimeout] (C:\Users\kishor.joshi\AppData\Roaming\npm\node_modules\protractor\node_modules\selenium-webdriver\lib\promise.js:2195:19)
                    at listOnTimeout (internal/timers.js:531:17)
                    at processTimers (internal/timers.js:475:7)
                From: Task: &lt;anonymous wait>
                    at scheduleWait (C:\Users\kishor.joshi\AppData\Roaming\npm\node_modules\protractor\node_modules\selenium-webdriver\lib\promise.js:2188:20)
                    at ControlFlow.wait (C:\Users\kishor.joshi\AppData\Roaming\npm\node_modules\protractor\node_modules\selenium-webdriver\lib\promise.js:2517:12)
                    at Driver.wait (C:\Users\kishor.joshi\AppData\Roaming\npm\node_modules\protractor\node_modules\selenium-webdriver\lib\webdriver.js:934:29)
                    at run (C:\Users\kishor.joshi\AppData\Roaming\npm\node_modules\protractor\built\browser.js:59:33)
                    at ProtractorBrowser.to.&lt;computed> [as wait] (C:\Users\kishor.joshi\AppData\Roaming\npm\node_modules\protractor\built\browser.js:67:16)
                    at ElementHelper.getElement (C:\Users\kishor.joshi\Desktop\protractor\parabankWebsiteAutomation\dist\out-tsc\helper\elementHelper.js:37:34)
                    at Function.varifysuccessfulRegisterPage (C:\Users\kishor.joshi\Desktop\protractor\parabankWebsiteAutomation\dist\out-tsc\pages\registrationPageTest.js:103:41)
                    at UserContext.&lt;anonymous> (C:\Users\kishor.joshi\Desktop\protractor\parabankWebsiteAutomation\dist\out-tsc\spec\spec.js:43:49)
                    at C:\Users\kishor.joshi\AppData\Roaming\npm\node_modules\protractor\node_modules\jasminewd2\index.js:112:25
                    at new ManagedPromise (C:\Users\kishor.joshi\AppData\Roaming\npm\node_modules\protractor\node_modules\selenium-webdriver\lib\promise.js:1077:7)
                From: Task: Run it("fill registration page and validation successfull registration page") in control flow
                    at UserContext.&lt;anonymous> (C:\Users\kishor.joshi\AppData\Roaming\npm\node_modules\protractor\node_modules\jasminewd2\index.js:94:19)
                    at attempt (C:\Users\kishor.joshi\AppData\Roaming\npm\node_modules\protractor\node_modules\jasmine-core\lib\jasmine-core\jasmine.js:4297:26)
                    at QueueRunner.run (C:\Users\kishor.joshi\AppData\Roaming\npm\node_modules\protractor\node_modules\jasmine-core\lib\jasmine-core\jasmine.js:4217:20)
                    at QueueRunner.execute (C:\Users\kishor.joshi\AppData\Roaming\npm\node_modules\protractor\node_modules\jasmine-core\lib\jasmine-core\jasmine.js:4199:10)
                    at Spec.queueRunnerFactory (C:\Users\kishor.joshi\AppData\Roaming\npm\node_modules\protractor\node_modules\jasmine-core\lib\jasmine-core\jasmine.js:909:35)
                    at Spec.execute (C:\Users\kishor.joshi\AppData\Roaming\npm\node_modules\protractor\node_modules\jasmine-core\lib\jasmine-core\jasmine.js:526:10)
                    at UserContext.fn (C:\Users\kishor.joshi\AppData\Roaming\npm\node_modules\protractor\node_modules\jasmine-core\lib\jasmine-core\jasmine.js:5340:37)
                    at attempt (C:\Users\kishor.joshi\AppData\Roaming\npm\node_modules\protractor\node_modules\jasmine-core\lib\jasmine-core\jasmine.js:4297:26)
                    at QueueRunner.run (C:\Users\kishor.joshi\AppData\Roaming\npm\node_modules\protractor\node_modules\jasmine-core\lib\jasmine-core\jasmine.js:4217:20)
                    at runNext (C:\Users\kishor.joshi\AppData\Roaming\npm\node_modules\protractor\node_modules\jasmine-core\lib\jasmine-core\jasmine.js:4257:20)
                From asynchronous test: 
                Error
                    at Suite.&lt;anonymous> (C:\Users\kishor.joshi\Desktop\protractor\parabankWebsiteAutomation\dist\out-tsc\spec\spec.js:29:5)
                    at addSpecsToSuite (C:\Users\kishor.joshi\AppData\Roaming\npm\node_modules\protractor\node_modules\jasmine-core\lib\jasmine-core\jasmine.js:1107:25)
                    at Env.describe (C:\Users\kishor.joshi\AppData\Roaming\npm\node_modules\protractor\node_modules\jasmine-core\lib\jasmine-core\jasmine.js:1074:7)
                    at describe (C:\Users\kishor.joshi\AppData\Roaming\npm\node_modules\protractor\node_modules\jasmine-core\lib\jasmine-core\jasmine.js:4399:18)
                    at Object.&lt;anonymous> (C:\Users\kishor.joshi\Desktop\protractor\parabankWebsiteAutomation\dist\out-tsc\spec\spec.js:4:1)
                    at Module._compile (internal/modules/cjs/loader.js:959:30)
                    at Object.Module._extensions..js (internal/modules/cjs/loader.js:995:10)
                    at Module.load (internal/modules/cjs/loader.js:815:32)
                    at Function.Module._load (internal/modules/cjs/loader.js:727:14)</stack-trace>
            </failure>
        </test-case>
    </test-cases>
</ns2:test-suite>